Arguments: 
  /Users/zain/.nvm/versions/node/v10.17.0/bin/node /Users/zain/.yarn/bin/yarn.js init

PATH: 
  /Users/zain/.sdkman/candidates/java/current/bin:/Users/zain/.sdkman/candidates/gradle/current/bin:/Users/zain/google-cloud-sdk/bin:/usr/local/opt/mysql@5.6/bin:/Users/zain/.yarn/bin:/Users/zain/.config/yarn/global/node_modules/.bin:/Users/zain/.rvm/gems/ruby-2.6.3/bin:/Users/zain/.rvm/gems/ruby-2.6.3@global/bin:/Users/zain/.rvm/rubies/ruby-2.6.3/bin:/Users/zain/.nvm/versions/node/v10.17.0/bin:/usr/local/opt/postgresql@10/bin:/Users/zain/Code/flutter/flutter/bin:/usr/local/bin:/usr/bin:/bin:/usr/sbin:/sbin:/usr/local/MacGPG2/bin:/Library/Apple/usr/bin:/Users/zain/Library/Android/sdk/tools:/Users/zain/Library/Android/sdk/platform-tools:/Users/zain/.rvm/bin:/Users/zain/.rvm/bin

Yarn version: 
  1.22.4

Node version: 
  10.17.0

Platform: 
  darwin x64

Trace: 
  Error: canceled
      at Interface.<anonymous> (/Users/zain/.yarn/lib/cli.js:137008:13)
      at Interface.emit (events.js:198:13)
      at Interface._ttyWrite (readline.js:801:16)
      at ReadStream.onkeypress (readline.js:184:10)
      at ReadStream.emit (events.js:198:13)
      at emitKeys (internal/readline.js:424:14)
      at emitKeys.next (<anonymous>)
      at ReadStream.onData (readline.js:1073:36)
      at ReadStream.emit (events.js:198:13)
      at addChunk (_stream_readable.js:287:12)

npm manifest: 
  No manifest

yarn manifest: 
  No manifest

Lockfile: 
  No lockfile
